<?xml version="1.0" encoding="UTF-8"?>
<!-- Generated by org.testng.reporters.JUnitXMLReporter -->
<testsuite ignored="2" hostname="DESKTOP-1QQ8407" failures="0" tests="1" name="Default test" time="1.727" errors="0" timestamp="2020-11-13T17:38:57 EST">
  <testcase classname="RestAssuredTest" name="test" time="1.196"/>
  <testcase classname="RestAssuredTest" name="GetSingleUserEmailAddress" time="0.0">
    <ignored/>
  </testcase> <!-- GetSingleUserEmailAddress -->
  <testcase classname="RestAssuredTest" name="SuccessfulyLogin" time="0.0">
    <ignored/>
  </testcase> <!-- SuccessfulyLogin -->
</testsuite> <!-- Default test -->
