<?xml version="1.0" encoding="UTF-8"?>
<testng-results ignored="2" total="3" passed="1" failed="0" skipped="0">
  <reporter-output>
  </reporter-output>
  <suite started-at="2020-11-13T17:38:55 EST" name="Default suite" finished-at="2020-11-13T17:38:57 EST" duration-ms="1727">
    <groups>
    </groups>
    <test started-at="2020-11-13T17:38:55 EST" name="Default test" finished-at="2020-11-13T17:38:57 EST" duration-ms="1727">
      <class name="RestAssuredTest">
        <test-method is-config="true" signature="setup()[pri:0, instance:RestAssuredTest@75329a49]" started-at="2020-11-13T17:38:55 EST" name="setup" finished-at="2020-11-13T17:38:56 EST" duration-ms="508" status="PASS">
          <reporter-output>
          </reporter-output>
        </test-method> <!-- setup -->
        <test-method signature="test()[pri:0, instance:RestAssuredTest@75329a49]" started-at="2020-11-13T17:38:56 EST" name="test" finished-at="2020-11-13T17:38:57 EST" duration-ms="1196" status="PASS">
          <reporter-output>
          </reporter-output>
        </test-method> <!-- test -->
      </class> <!-- RestAssuredTest -->
    </test> <!-- Default test -->
  </suite> <!-- Default suite -->
</testng-results>
