<?xml version="1.0" encoding="UTF-8"?>
<!-- Generated by org.testng.reporters.JUnitXMLReporter -->
<testsuite ignored="2" hostname="DESKTOP-1QQ8407" failures="0" tests="1" name="Default test" time="4.598" errors="0" timestamp="2020-11-10T21:00:05 EST">
  <testcase classname="theInternet.tests.AddRemoveElementsPageTest" name="tc1canRemoveElements" time="0.463"/>
  <testcase classname="theInternet.tests.AddRemoveElementsPageTest" name="tc1canAddElements" time="0.0">
    <ignored/>
  </testcase> <!-- tc1canAddElements -->
  <testcase classname="theInternet.tests.AddRemoveElementsPageTest" name="tc1canAddRemoveMultipleElements" time="0.0">
    <ignored/>
  </testcase> <!-- tc1canAddRemoveMultipleElements -->
</testsuite> <!-- Default test -->
