<?xml version="1.0" encoding="UTF-8"?>
<!-- Generated by org.testng.reporters.JUnitXMLReporter -->
<testsuite ignored="1" hostname="DESKTOP-1QQ8407" failures="0" tests="1" name="Default test" time="6.26" errors="0" timestamp="2020-11-11T15:04:30 EST">
  <testcase classname="theInternet.tests.CheckboxesPageTest" name="canToggle" time="2.524"/>
  <testcase classname="theInternet.tests.CheckboxesPageTest" name="canUnCheck" time="0.0">
    <ignored/>
  </testcase> <!-- canUnCheck -->
</testsuite> <!-- Default test -->
