<?xml version="1.0" encoding="UTF-8"?>
<testng-results ignored="0" total="1" passed="1" failed="0" skipped="0">
  <reporter-output>
  </reporter-output>
  <suite started-at="2020-11-04T19:48:58 EST" name="Default suite" finished-at="2020-11-04T19:49:02 EST" duration-ms="4165">
    <groups>
    </groups>
    <test started-at="2020-11-04T19:48:58 EST" name="Default test" finished-at="2020-11-04T19:49:02 EST" duration-ms="4165">
      <class name="SeleniumTest">
        <test-method is-config="true" signature="beforeTest()[pri:0, instance:SeleniumTest@2ddc8ecb]" started-at="2020-11-04T19:48:58 EST" name="beforeTest" finished-at="2020-11-04T19:49:01 EST" duration-ms="3065" status="PASS">
          <reporter-output>
          </reporter-output>
        </test-method> <!-- beforeTest -->
        <test-method signature="canLaunchFirefoxDriver()[pri:0, instance:SeleniumTest@2ddc8ecb]" started-at="2020-11-04T19:49:01 EST" name="canLaunchFirefoxDriver" finished-at="2020-11-04T19:49:01 EST" duration-ms="350" status="PASS">
          <reporter-output>
          </reporter-output>
        </test-method> <!-- canLaunchFirefoxDriver -->
        <test-method is-config="true" signature="afterTest()[pri:0, instance:SeleniumTest@2ddc8ecb]" started-at="2020-11-04T19:49:01 EST" name="afterTest" finished-at="2020-11-04T19:49:02 EST" duration-ms="718" status="PASS">
          <reporter-output>
          </reporter-output>
        </test-method> <!-- afterTest -->
      </class> <!-- SeleniumTest -->
    </test> <!-- Default test -->
  </suite> <!-- Default suite -->
</testng-results>
