<?xml version="1.0" encoding="UTF-8"?>
<testng-results ignored="0" total="3" passed="3" failed="0" skipped="0">
  <reporter-output>
  </reporter-output>
  <suite started-at="2020-10-27T22:17:40 EDT" name="Default suite" finished-at="2020-10-27T22:17:40 EDT" duration-ms="36">
    <groups>
    </groups>
    <test started-at="2020-10-27T22:17:40 EDT" name="Default test" finished-at="2020-10-27T22:17:40 EDT" duration-ms="36">
      <class name="NewTest">
        <test-method is-config="true" signature="beforeTest()[pri:0, instance:NewTest@60704c]" started-at="2020-10-27T22:17:40 EDT" name="beforeTest" finished-at="2020-10-27T22:17:40 EDT" duration-ms="6" status="PASS">
          <reporter-output>
          </reporter-output>
        </test-method> <!-- beforeTest -->
        <test-method signature="helloWorldTest()[pri:0, instance:NewTest@60704c]" started-at="2020-10-27T22:17:40 EDT" name="helloWorldTest" finished-at="2020-10-27T22:17:40 EDT" duration-ms="3" status="PASS">
          <reporter-output>
          </reporter-output>
        </test-method> <!-- helloWorldTest -->
        <test-method signature="newClassTest()[pri:0, instance:NewTest@60704c]" started-at="2020-10-27T22:17:40 EDT" name="newClassTest" finished-at="2020-10-27T22:17:40 EDT" duration-ms="1" status="PASS">
          <reporter-output>
          </reporter-output>
        </test-method> <!-- newClassTest -->
        <test-method signature="tryCatchBlockTest()[pri:0, instance:NewTest@60704c]" started-at="2020-10-27T22:17:40 EDT" name="tryCatchBlockTest" finished-at="2020-10-27T22:17:40 EDT" duration-ms="0" status="PASS">
          <reporter-output>
          </reporter-output>
        </test-method> <!-- tryCatchBlockTest -->
        <test-method is-config="true" signature="afterTest()[pri:0, instance:NewTest@60704c]" started-at="2020-10-27T22:17:40 EDT" name="afterTest" finished-at="2020-10-27T22:17:40 EDT" duration-ms="1" status="PASS">
          <reporter-output>
          </reporter-output>
        </test-method> <!-- afterTest -->
      </class> <!-- NewTest -->
    </test> <!-- Default test -->
  </suite> <!-- Default suite -->
</testng-results>
