<?xml version="1.0" encoding="UTF-8"?>
<testng-results ignored="0" total="1" passed="1" failed="0" skipped="0">
  <reporter-output>
  </reporter-output>
  <suite started-at="2020-11-09T22:33:42 EST" name="Default suite" finished-at="2020-11-09T22:33:47 EST" duration-ms="4502">
    <groups>
    </groups>
    <test started-at="2020-11-09T22:33:42 EST" name="Default test" finished-at="2020-11-09T22:33:47 EST" duration-ms="4502">
      <class name="theInternet.tests.DropdownPageTest">
        <test-method is-config="true" signature="beforeTest()[pri:0, instance:theInternet.tests.DropdownPageTest@61dd025]" started-at="2020-11-09T22:33:42 EST" name="beforeTest" finished-at="2020-11-09T22:33:46 EST" duration-ms="3502" status="PASS">
          <reporter-output>
          </reporter-output>
        </test-method> <!-- beforeTest -->
        <test-method signature="tc8canSelectDropdownListItem()[pri:0, instance:theInternet.tests.DropdownPageTest@61dd025]" started-at="2020-11-09T22:33:46 EST" name="tc8canSelectDropdownListItem" finished-at="2020-11-09T22:33:46 EST" duration-ms="395" status="PASS">
          <reporter-output>
          </reporter-output>
        </test-method> <!-- tc8canSelectDropdownListItem -->
        <test-method is-config="true" signature="afterTest()[pri:0, instance:theInternet.tests.DropdownPageTest@61dd025]" started-at="2020-11-09T22:33:46 EST" name="afterTest" finished-at="2020-11-09T22:33:47 EST" duration-ms="581" status="PASS">
          <reporter-output>
          </reporter-output>
        </test-method> <!-- afterTest -->
      </class> <!-- theInternet.tests.DropdownPageTest -->
    </test> <!-- Default test -->
  </suite> <!-- Default suite -->
</testng-results>
